This is pdfTeX, Version 3.1415926-2.5-1.40.14 (TeX Live 2013/W32TeX) (format=pdflatex 2013.11.22)  12 DEC 2013 21:09
entering extended mode
 restricted \write18 enabled.
 %&-line parsing enabled.
**projekthandbuch.tex
(./projekthandbuch.tex
LaTeX2e <2011/06/27>
Babel <3.9f> and hyphenation patterns for 78 languages loaded.
(c:/texlive/2013/texmf-dist/tex/latex/koma-script/scrreprt.cls
Document Class: scrreprt 2012/07/29 v3.11b KOMA-Script document class (report)
(c:/texlive/2013/texmf-dist/tex/latex/koma-script/scrkbase.sty
Package: scrkbase 2012/07/29 v3.11b KOMA-Script package (KOMA-Script-dependent 
basics and keyval usage)

(c:/texlive/2013/texmf-dist/tex/latex/koma-script/scrbase.sty
Package: scrbase 2012/07/29 v3.11b KOMA-Script package (KOMA-Script-independent
 basics and keyval usage)

(c:/texlive/2013/texmf-dist/tex/latex/graphics/keyval.sty
Package: keyval 1999/03/16 v1.13 key=value parser (DPC)
\KV@toks@=\toks14
)
(c:/texlive/2013/texmf-dist/tex/latex/koma-script/scrlfile.sty
Package: scrlfile 2012/06/15 v3.12 KOMA-Script package (loading files)

Package scrlfile, 2012/06/15 v3.12 KOMA-Script package (loading files)
                  Copyright (C) Markus Kohm

))) (c:/texlive/2013/texmf-dist/tex/latex/koma-script/tocbasic.sty
Package: tocbasic 2012/04/04 v3.10b KOMA-Script package (handling toc-files)
)
Package tocbasic Info: omitting babel extension for `toc'
(tocbasic)             because of feature `nobabel' available
(tocbasic)             for `toc' on input line 117.
Package tocbasic Info: omitting babel extension for `lof'
(tocbasic)             because of feature `nobabel' available
(tocbasic)             for `lof' on input line 118.
Package tocbasic Info: omitting babel extension for `lot'
(tocbasic)             because of feature `nobabel' available
(tocbasic)             for `lot' on input line 119.
Package scrreprt Info: You've used obsolete option `10pt'.
(scrreprt)             \KOMAExecuteOptions{fontsize=10pt} will be
(scrreprt)             used instead.
(scrreprt)             You may simply replace `10pt'
(scrreprt)             by `fontsize=10pt'.
Class scrreprt Info: File `scrsize10pt.clo' used to setup font sizes on input l
ine 1367.

(c:/texlive/2013/texmf-dist/tex/latex/koma-script/scrsize10pt.clo
File: scrsize10pt.clo 2012/07/29 v3.11b KOMA-Script font size class option (10p
t)
)
(c:/texlive/2013/texmf-dist/tex/latex/koma-script/typearea.sty
Package: typearea 2012/07/29 v3.11b KOMA-Script package (type area)

Package typearea, 2012/07/29 v3.11b KOMA-Script package (type area)
                  Copyright (C) Frank Neukam, 1992-1994
                  Copyright (C) Markus Kohm, 1994-

\ta@bcor=\skip41
\ta@div=\count79
Package typearea Info: You've used standard option `a4paper'.
(typearea)             This is correct!
(typearea)             Internally I'm using `paper=a4'.
(typearea)             If you'd like to set the option with \KOMAoptions,
(typearea)             you'd have to use `paper=a4' there
(typearea)             instead of `a4paper', too.
\ta@hblk=\skip42
\ta@vblk=\skip43
\ta@temp=\skip44
Package typearea Info: These are the values describing the layout:
(typearea)             DIV  = 8
(typearea)             BCOR = 0.0pt
(typearea)             \paperwidth      = 597.50793pt
(typearea)              \textwidth      = 373.44246pt
(typearea)              DIV departure   = -4%
(typearea)              \evensidemargin = 39.76274pt
(typearea)              \oddsidemargin  = 39.76274pt
(typearea)             \paperheight     = 845.04694pt
(typearea)              \textheight     = 538.0pt
(typearea)              \topmargin      = 0.36087pt
(typearea)              \headheight     = 15.0pt
(typearea)              \headsep        = 18.0pt
(typearea)              \topskip        = 10.0pt
(typearea)              \footskip       = 42.0pt
(typearea)              \baselineskip   = 12.0pt
(typearea)              on input line 1213.
)
\c@part=\count80
\c@chapter=\count81
\c@section=\count82
\c@subsection=\count83
\c@subsubsection=\count84
\c@paragraph=\count85
\c@subparagraph=\count86
\abovecaptionskip=\skip45
\belowcaptionskip=\skip46
\c@pti@nb@sid@b@x=\box26
\c@figure=\count87
\c@table=\count88
\bibindent=\dimen102
) (c:/texlive/2013/texmf-dist/tex/latex/base/inputenc.sty
Package: inputenc 2008/03/30 v1.1d Input encoding file
\inpenc@prehook=\toks15
\inpenc@posthook=\toks16

(c:/texlive/2013/texmf-dist/tex/latex/ucs/utf8x.def
File: utf8x.def 2004/10/17 UCS: Input encoding UTF-8
))
(c:/texlive/2013/texmf-dist/tex/latex/ucs/ucs.sty
Package: ucs 2013/05/11 v2.2 UCS: Unicode input support

(c:/texlive/2013/texmf-dist/tex/latex/ucs/data/uni-global.def
File: uni-global.def 2013/05/13 UCS: Unicode global data
)
\uc@secondtry=\count89
\uc@combtoks=\toks17
\uc@combtoksb=\toks18
\uc@temptokena=\toks19
)
(c:/texlive/2013/texmf-dist/tex/generic/babel/babel.sty
Package: babel 2013/05/16 v3.9f The Babel package

(c:/texlive/2013/texmf-dist/tex/generic/babel-german/ngermanb.ldf
Language: ngermanb 2008/07/06 v2.6n new German support from the babel system

(c:/texlive/2013/texmf-dist/tex/generic/babel/babel.def
File: babel.def 2013/05/16 v3.9f Babel common definitions
\babel@savecnt=\count90
\U@D=\dimen103
)
\l@naustrian = a dialect from \language\l@ngerman 
Package babel Info: Making " an active character on input line 92.
))
(c:/texlive/2013/texmf-dist/tex/latex/base/fontenc.sty
Package: fontenc 2005/09/27 v1.99g Standard LaTeX package

(c:/texlive/2013/texmf-dist/tex/latex/base/t1enc.def
File: t1enc.def 2005/09/27 v1.99g Standard LaTeX file
LaTeX Font Info:    Redeclaring font encoding T1 on input line 43.
))
(c:/texlive/2013/texmf-dist/tex/latex/amsmath/amsmath.sty
Package: amsmath 2013/01/14 v2.14 AMS math features
\@mathmargin=\skip47

For additional information on amsmath, use the `?' option.
(c:/texlive/2013/texmf-dist/tex/latex/amsmath/amstext.sty
Package: amstext 2000/06/29 v2.01

(c:/texlive/2013/texmf-dist/tex/latex/amsmath/amsgen.sty
File: amsgen.sty 1999/11/30 v2.0
\@emptytoks=\toks20
\ex@=\dimen104
))
(c:/texlive/2013/texmf-dist/tex/latex/amsmath/amsbsy.sty
Package: amsbsy 1999/11/29 v1.2d
\pmbraise@=\dimen105
)
(c:/texlive/2013/texmf-dist/tex/latex/amsmath/amsopn.sty
Package: amsopn 1999/12/14 v2.01 operator names
)
\inf@bad=\count91
LaTeX Info: Redefining \frac on input line 210.
\uproot@=\count92
\leftroot@=\count93
LaTeX Info: Redefining \overline on input line 306.
\classnum@=\count94
\DOTSCASE@=\count95
LaTeX Info: Redefining \ldots on input line 378.
LaTeX Info: Redefining \dots on input line 381.
LaTeX Info: Redefining \cdots on input line 466.
\Mathstrutbox@=\box27
\strutbox@=\box28
\big@size=\dimen106
LaTeX Font Info:    Redeclaring font encoding OML on input line 566.
LaTeX Font Info:    Redeclaring font encoding OMS on input line 567.
\macc@depth=\count96
\c@MaxMatrixCols=\count97
\dotsspace@=\muskip10
\c@parentequation=\count98
\dspbrk@lvl=\count99
\tag@help=\toks21
\row@=\count100
\column@=\count101
\maxfields@=\count102
\andhelp@=\toks22
\eqnshift@=\dimen107
\alignsep@=\dimen108
\tagshift@=\dimen109
\tagwidth@=\dimen110
\totwidth@=\dimen111
\lineht@=\dimen112
\@envbody=\toks23
\multlinegap=\skip48
\multlinetaggap=\skip49
\mathdisplay@stack=\toks24
LaTeX Info: Redefining \[ on input line 2665.
LaTeX Info: Redefining \] on input line 2666.
)
(c:/texlive/2013/texmf-dist/tex/latex/amsfonts/amsfonts.sty
Package: amsfonts 2013/01/14 v3.01 Basic AMSFonts support
\symAMSa=\mathgroup4
\symAMSb=\mathgroup5
LaTeX Font Info:    Overwriting math alphabet `\mathfrak' in version `bold'
(Font)                  U/euf/m/n --> U/euf/b/n on input line 106.
)
(c:/texlive/2013/texmf-dist/tex/latex/amsfonts/amssymb.sty
Package: amssymb 2013/01/14 v3.01 AMS font symbols
)
(c:/texlive/2013/texmf-dist/tex/latex/graphics/graphicx.sty
Package: graphicx 1999/02/16 v1.0f Enhanced LaTeX Graphics (DPC,SPQR)

(c:/texlive/2013/texmf-dist/tex/latex/graphics/graphics.sty
Package: graphics 2009/02/05 v1.0o Standard LaTeX Graphics (DPC,SPQR)

(c:/texlive/2013/texmf-dist/tex/latex/graphics/trig.sty
Package: trig 1999/03/16 v1.09 sin cos tan (DPC)
)
(c:/texlive/2013/texmf-dist/tex/latex/latexconfig/graphics.cfg
File: graphics.cfg 2010/04/23 v1.9 graphics configuration of TeX Live
)
Package graphics Info: Driver file: pdftex.def on input line 91.

(c:/texlive/2013/texmf-dist/tex/latex/pdftex-def/pdftex.def
File: pdftex.def 2011/05/27 v0.06d Graphics/color for pdfTeX

(c:/texlive/2013/texmf-dist/tex/generic/oberdiek/infwarerr.sty
Package: infwarerr 2010/04/08 v1.3 Providing info/warning/error messages (HO)
)
(c:/texlive/2013/texmf-dist/tex/generic/oberdiek/ltxcmds.sty
Package: ltxcmds 2011/11/09 v1.22 LaTeX kernel commands for general use (HO)
)
\Gread@gobject=\count103
))
\Gin@req@height=\dimen113
\Gin@req@width=\dimen114
)
(c:/texlive/2013/texmf-dist/tex/latex/titlepic/titlepic.sty
Package: titlepic 2009/08/03 1.1 Package to display a picture on the title page

)
(c:/texlive/2013/texmf-dist/tex/latex/hyperref/hyperref.sty
Package: hyperref 2012/11/06 v6.83m Hypertext links for LaTeX

(c:/texlive/2013/texmf-dist/tex/generic/oberdiek/hobsub-hyperref.sty
Package: hobsub-hyperref 2012/05/28 v1.13 Bundle oberdiek, subset hyperref (HO)


(c:/texlive/2013/texmf-dist/tex/generic/oberdiek/hobsub-generic.sty
Package: hobsub-generic 2012/05/28 v1.13 Bundle oberdiek, subset generic (HO)
Package: hobsub 2012/05/28 v1.13 Construct package bundles (HO)
Package hobsub Info: Skipping package `infwarerr' (already loaded).
Package hobsub Info: Skipping package `ltxcmds' (already loaded).
Package: ifluatex 2010/03/01 v1.3 Provides the ifluatex switch (HO)
Package ifluatex Info: LuaTeX not detected.
Package: ifvtex 2010/03/01 v1.5 Detect VTeX and its facilities (HO)
Package ifvtex Info: VTeX not detected.
Package: intcalc 2007/09/27 v1.1 Expandable calculations with integers (HO)
Package: ifpdf 2011/01/30 v2.3 Provides the ifpdf switch (HO)
Package ifpdf Info: pdfTeX in PDF mode is detected.
Package: etexcmds 2011/02/16 v1.5 Avoid name clashes with e-TeX commands (HO)
Package etexcmds Info: Could not find \expanded.
(etexcmds)             That can mean that you are not using pdfTeX 1.50 or
(etexcmds)             that some package has redefined \expanded.
(etexcmds)             In the latter case, load this package earlier.
Package: kvsetkeys 2012/04/25 v1.16 Key value parser (HO)
Package: kvdefinekeys 2011/04/07 v1.3 Define keys (HO)
Package: pdftexcmds 2011/11/29 v0.20 Utility functions of pdfTeX for LuaTeX (HO
)
Package pdftexcmds Info: LuaTeX not detected.
Package pdftexcmds Info: \pdf@primitive is available.
Package pdftexcmds Info: \pdf@ifprimitive is available.
Package pdftexcmds Info: \pdfdraftmode found.
Package: pdfescape 2011/11/25 v1.13 Implements pdfTeX's escape features (HO)
Package: bigintcalc 2012/04/08 v1.3 Expandable calculations on big integers (HO
)
Package: bitset 2011/01/30 v1.1 Handle bit-vector datatype (HO)
Package: uniquecounter 2011/01/30 v1.2 Provide unlimited unique counter (HO)
)
Package hobsub Info: Skipping package `hobsub' (already loaded).
Package: letltxmacro 2010/09/02 v1.4 Let assignment for LaTeX macros (HO)
Package: hopatch 2012/05/28 v1.2 Wrapper for package hooks (HO)
Package: xcolor-patch 2011/01/30 xcolor patch
Package: atveryend 2011/06/30 v1.8 Hooks at the very end of document (HO)
Package atveryend Info: \enddocument detected (standard20110627).
Package: atbegshi 2011/10/05 v1.16 At begin shipout hook (HO)
Package: refcount 2011/10/16 v3.4 Data extraction from label references (HO)
Package: hycolor 2011/01/30 v1.7 Color options for hyperref/bookmark (HO)
)
(c:/texlive/2013/texmf-dist/tex/generic/ifxetex/ifxetex.sty
Package: ifxetex 2010/09/12 v0.6 Provides ifxetex conditional
)
(c:/texlive/2013/texmf-dist/tex/latex/oberdiek/auxhook.sty
Package: auxhook 2011/03/04 v1.3 Hooks for auxiliary files (HO)
)
(c:/texlive/2013/texmf-dist/tex/latex/oberdiek/kvoptions.sty
Package: kvoptions 2011/06/30 v3.11 Key value format for package options (HO)
)
\@linkdim=\dimen115
\Hy@linkcounter=\count104
\Hy@pagecounter=\count105

(c:/texlive/2013/texmf-dist/tex/latex/hyperref/pd1enc.def
File: pd1enc.def 2012/11/06 v6.83m Hyperref: PDFDocEncoding definition (HO)
)
\Hy@SavedSpaceFactor=\count106

(c:/texlive/2013/texmf-dist/tex/latex/latexconfig/hyperref.cfg
File: hyperref.cfg 2002/06/06 v1.2 hyperref configuration of TeXLive
)
Package hyperref Info: Hyper figures OFF on input line 4443.
Package hyperref Info: Link nesting OFF on input line 4448.
Package hyperref Info: Hyper index ON on input line 4451.
Package hyperref Info: Plain pages OFF on input line 4458.
Package hyperref Info: Backreferencing OFF on input line 4463.
Package hyperref Info: Implicit mode ON; LaTeX internals redefined.
Package hyperref Info: Bookmarks ON on input line 4688.
\c@Hy@tempcnt=\count107

(c:/texlive/2013/texmf-dist/tex/latex/url/url.sty
\Urlmuskip=\muskip11
Package: url 2006/04/12  ver 3.3  Verb mode for urls, etc.
)
LaTeX Info: Redefining \url on input line 5041.
\XeTeXLinkMargin=\dimen116
\Fld@menulength=\count108
\Field@Width=\dimen117
\Fld@charsize=\dimen118
Package hyperref Info: Hyper figures OFF on input line 6295.
Package hyperref Info: Link nesting OFF on input line 6300.
Package hyperref Info: Hyper index ON on input line 6303.
Package hyperref Info: backreferencing OFF on input line 6310.
Package hyperref Info: Link coloring OFF on input line 6315.
Package hyperref Info: Link coloring with OCG OFF on input line 6320.
Package hyperref Info: PDF/A mode OFF on input line 6325.
LaTeX Info: Redefining \ref on input line 6365.
LaTeX Info: Redefining \pageref on input line 6369.
\Hy@abspage=\count109
\c@Item=\count110
\c@Hfootnote=\count111
)

Package hyperref Message: Driver (autodetected): hpdftex.

(c:/texlive/2013/texmf-dist/tex/latex/hyperref/hpdftex.def
File: hpdftex.def 2012/11/06 v6.83m Hyperref driver for pdfTeX
\Fld@listcount=\count112
\c@bookmark@seq@number=\count113

(c:/texlive/2013/texmf-dist/tex/latex/oberdiek/rerunfilecheck.sty
Package: rerunfilecheck 2011/04/15 v1.7 Rerun checks for auxiliary files (HO)
Package uniquecounter Info: New unique counter `rerunfilecheck' on input line 2
82.
)
\Hy@SectionHShift=\skip50
)
Package hyperref Info: Option `colorlinks' set `false' on input line 13.

(c:/texlive/2013/texmf-dist/tex/latex/float/float.sty
Package: float 2001/11/08 v1.3d Float enhancements (AL)
\c@float@type=\count114
\float@exts=\toks25
\float@box=\box29
\@float@everytoks=\toks26
\@floatcapt=\box30
)
(c:/texlive/2013/texmf-dist/tex/latex/tabu/tabu.sty
Package: tabu 2011/02/26 v2.8 - flexible LaTeX tabulars (FC)

(c:/texlive/2013/texmf-dist/tex/latex/tools/array.sty
Package: array 2008/09/09 v2.4c Tabular extension package (FMi)
\col@sep=\dimen119
\extrarowheight=\dimen120
\NC@list=\toks27
\extratabsurround=\skip51
\backup@length=\skip52
)
(c:/texlive/2013/texmf-dist/tex/latex/varwidth/varwidth.sty
Package: varwidth 2009/03/30 ver 0.92;  Variable-width minipages
\@vwid@box=\box31
\sift@deathcycles=\count115
\@vwid@loff=\dimen121
\@vwid@roff=\dimen122
)
\c@taburow=\count116
\tabu@nbcols=\count117
\tabu@cnt=\count118
\tabu@Xcol=\count119
\tabu@alloc=\count120
\tabu@nested=\count121
\tabu@target=\dimen123
\tabu@spreadtarget=\dimen124
\tabu@naturalX=\dimen125
\tabucolX=\dimen126
\tabu@Xsum=\dimen127
\extrarowdepth=\dimen128
\abovetabulinesep=\dimen129
\belowtabulinesep=\dimen130
\tabustrutrule=\dimen131
\tabu@thebody=\toks28
\tabu@footnotes=\toks29
\tabu@box=\box32
\tabu@arstrutbox=\box33
\tabu@hleads=\box34
\tabu@vleads=\box35
\tabu@cellskip=\skip53
)
(c:/texlive/2013/texmf-dist/tex/latex/tools/longtable.sty
Package: longtable 2004/02/01 v4.11 Multi-page Table package (DPC)
\LTleft=\skip54
\LTright=\skip55
\LTpre=\skip56
\LTpost=\skip57
\LTchunksize=\count122
\LTcapwidth=\dimen132
\LT@head=\box36
\LT@firsthead=\box37
\LT@foot=\box38
\LT@lastfoot=\box39
\LT@cols=\count123
\LT@rows=\count124
\c@LT@tables=\count125
\c@LT@chunks=\count126
\LT@p@ftn=\toks30
)
Class scrreprt Info: longtable captions redefined on input line 17.

(c:/texlive/2013/texmf-dist/tex/latex/graphics/color.sty
Package: color 2005/11/14 v1.0j Standard LaTeX Color (DPC)

(c:/texlive/2013/texmf-dist/tex/latex/latexconfig/color.cfg
File: color.cfg 2007/01/18 v1.5 color configuration of teTeX/TeXLive
)
Package color Info: Driver file: pdftex.def on input line 130.
)
(./projekthandbuch.aux)
\openout1 = `projekthandbuch.aux'.

LaTeX Font Info:    Checking defaults for OML/cmm/m/it on input line 35.
LaTeX Font Info:    ... okay on input line 35.
LaTeX Font Info:    Checking defaults for T1/cmr/m/n on input line 35.
LaTeX Font Info:    ... okay on input line 35.
LaTeX Font Info:    Checking defaults for OT1/cmr/m/n on input line 35.
LaTeX Font Info:    ... okay on input line 35.
LaTeX Font Info:    Checking defaults for OMS/cmsy/m/n on input line 35.
LaTeX Font Info:    ... okay on input line 35.
LaTeX Font Info:    Checking defaults for OMX/cmex/m/n on input line 35.
LaTeX Font Info:    ... okay on input line 35.
LaTeX Font Info:    Checking defaults for U/cmr/m/n on input line 35.
LaTeX Font Info:    ... okay on input line 35.
LaTeX Font Info:    Checking defaults for PD1/pdf/m/n on input line 35.
LaTeX Font Info:    ... okay on input line 35.
 (c:/texlive/2013/texmf-dist/tex/latex/ucs/ucsencs.def
File: ucsencs.def 2011/01/21 Fixes to fontencodings LGR, T3
)
(c:/texlive/2013/texmf-dist/tex/context/base/supp-pdf.mkii
[Loading MPS to PDF converter (version 2006.09.02).]
\scratchcounter=\count127
\scratchdimen=\dimen133
\scratchbox=\box40
\nofMPsegments=\count128
\nofMParguments=\count129
\everyMPshowfont=\toks31
\MPscratchCnt=\count130
\MPscratchDim=\dimen134
\MPnumerator=\count131
\makeMPintoPDFobject=\count132
\everyMPtoPDFconversion=\toks32
) (c:/texlive/2013/texmf-dist/tex/latex/oberdiek/epstopdf-base.sty
Package: epstopdf-base 2010/02/09 v2.5 Base part for package epstopdf

(c:/texlive/2013/texmf-dist/tex/latex/oberdiek/grfext.sty
Package: grfext 2010/08/19 v1.1 Manage graphics extensions (HO)
)
Package grfext Info: Graphics extension search list:
(grfext)             [.png,.pdf,.jpg,.mps,.jpeg,.jbig2,.jb2,.PNG,.PDF,.JPG,.JPE
G,.JBIG2,.JB2,.eps]
(grfext)             \AppendGraphicsExtensions on input line 452.

(c:/texlive/2013/texmf-dist/tex/latex/latexconfig/epstopdf-sys.cfg
File: epstopdf-sys.cfg 2010/07/13 v1.3 Configuration of (r)epstopdf for TeX Liv
e
))
\AtBeginShipoutBox=\box41
Package hyperref Info: Link coloring OFF on input line 35.

(c:/texlive/2013/texmf-dist/tex/latex/hyperref/nameref.sty
Package: nameref 2012/10/27 v2.43 Cross-referencing by name of section

(c:/texlive/2013/texmf-dist/tex/generic/oberdiek/gettitlestring.sty
Package: gettitlestring 2010/12/03 v1.4 Cleanup title references (HO)
)
\c@section@level=\count133
)
LaTeX Info: Redefining \ref on input line 35.
LaTeX Info: Redefining \pageref on input line 35.
LaTeX Info: Redefining \nameref on input line 35.

(./projekthandbuch.out) (./projekthandbuch.out)
\@outlinefile=\write3
\openout3 = `projekthandbuch.out'.

LaTeX Font Info:    Try loading font information for U+msa on input line 39.

(c:/texlive/2013/texmf-dist/tex/latex/amsfonts/umsa.fd
File: umsa.fd 2013/01/14 v3.01 AMS symbols A
)
LaTeX Font Info:    Try loading font information for U+msb on input line 39.

(c:/texlive/2013/texmf-dist/tex/latex/amsfonts/umsb.fd
File: umsb.fd 2013/01/14 v3.01 AMS symbols B
)
<images/lindale-logo.png, id=76, 286.671pt x 128.1588pt>
File: images/lindale-logo.png Graphic file (type png)

<use images/lindale-logo.png>
Package pdftex.def Info: images/lindale-logo.png used on input line 39.
(pdftex.def)             Requested size: 112.03387pt x 50.08536pt.
Package babel Info: Redefining ngerman shorthand "|
(babel)             in language  on input line 39.
Package babel Info: Redefining ngerman shorthand "~
(babel)             in language  on input line 39.
Package babel Info: Redefining ngerman shorthand "|
(babel)             in language  on input line 39.
Package babel Info: Redefining ngerman shorthand "~
(babel)             in language  on input line 39.
 [1



{c:/texlive/2013/texmf-var/fonts/map/pdftex/updmap/pdftex.map} <./images/lindal
e-logo.png>]
Kapitel 1.
Package babel Info: Redefining ngerman shorthand "|
(babel)             in language  on input line 40.
Package babel Info: Redefining ngerman shorthand "~
(babel)             in language  on input line 40.

Class scrreprt Warning: \float@addtolists detected!
(scrreprt)              You should use the features of package `tocbasic'
(scrreprt)              instead of \float@addtolists.
(scrreprt)              Support for \float@addtolists may be removed from
(scrreprt)              `scrreprt' soon .

LaTeX Font Info:    Try loading font information for T1+cmss on input line 40.
(c:/texlive/2013/texmf-dist/tex/latex/base/t1cmss.fd
File: t1cmss.fd 1999/05/25 v2.5h Standard LaTeX font definitions
)
Package babel Info: Redefining ngerman shorthand "|
(babel)             in language  on input line 41.
Package babel Info: Redefining ngerman shorthand "~
(babel)             in language  on input line 41.

(./parts/Projektstart/Projekt-Kontext-Beziehungen/ZeitlicherKontext.tex
Package babel Info: Redefining ngerman shorthand "|
(babel)             in language  on input line 1.
Package babel Info: Redefining ngerman shorthand "~
(babel)             in language  on input line 1.

<images/zeitlicher-kontext.png, id=86, 1201.1274pt x 769.6755pt>
File: images/zeitlicher-kontext.png Graphic file (type png)

<use images/zeitlicher-kontext.png>
Package pdftex.def Info: images/zeitlicher-kontext.png used on input line 4.
(pdftex.def)             Requested size: 373.44246pt x 239.30159pt.
)
Package babel Info: Redefining ngerman shorthand "|
(babel)             in language  on input line 43.
Package babel Info: Redefining ngerman shorthand "~
(babel)             in language  on input line 43.
Package babel Info: Redefining ngerman shorthand "|
(babel)             in language  on input line 43.
Package babel Info: Redefining ngerman shorthand "~
(babel)             in language  on input line 43.
 [2

pdfTeX warning (ext4): destination with the same identifier (name{figure.1.1}) 
has been already used, duplicate ignored

\AtBegShi@Output ...ipout \box \AtBeginShipoutBox 
                                                  \fi \fi 
l.43 		\newpage
                <./images/zeitlicher-kontext.png>]
(./parts/Projektstart/Projekt-Kontext-Beziehungen/SachlicherKontext.tex
Package babel Info: Redefining ngerman shorthand "|
(babel)             in language  on input line 1.
Package babel Info: Redefining ngerman shorthand "~
(babel)             in language  on input line 1.

<images/sachlicher-kontext.png, id=97, 1228.8309pt x 973.4769pt>
File: images/sachlicher-kontext.png Graphic file (type png)

<use images/sachlicher-kontext.png>
Package pdftex.def Info: images/sachlicher-kontext.png used on input line 4.
(pdftex.def)             Requested size: 373.44246pt x 295.8331pt.
)
Package babel Info: Redefining ngerman shorthand "|
(babel)             in language  on input line 45.
Package babel Info: Redefining ngerman shorthand "~
(babel)             in language  on input line 45.
Package babel Info: Redefining ngerman shorthand "|
(babel)             in language  on input line 45.
Package babel Info: Redefining ngerman shorthand "~
(babel)             in language  on input line 45.
 [3pdfTeX warning (ext4): destination with the same identifier (name{figure.1.2
}) has been already used, duplicate ignored

\AtBegShi@Output ...ipout \box \AtBeginShipoutBox 
                                                  \fi \fi 
l.45 		\newpage
                <./images/sachlicher-kontext.png>]
(./parts/Projektstart/Projekt-Kontext-Beziehungen/SozialerKontext.tex
Package babel Info: Redefining ngerman shorthand "|
(babel)             in language  on input line 1.
Package babel Info: Redefining ngerman shorthand "~
(babel)             in language  on input line 1.

<images/sozialer-kontetxt.png, id=104, 1015.3935pt x 591.1686pt>
File: images/sozialer-kontetxt.png Graphic file (type png)

<use images/sozialer-kontetxt.png>
Package pdftex.def Info: images/sozialer-kontetxt.png used on input line 4.
(pdftex.def)             Requested size: 373.44246pt x 217.42097pt.
)
Package babel Info: Redefining ngerman shorthand "|
(babel)             in language  on input line 47.
Package babel Info: Redefining ngerman shorthand "~
(babel)             in language  on input line 47.
Package babel Info: Redefining ngerman shorthand "|
(babel)             in language  on input line 47.
Package babel Info: Redefining ngerman shorthand "~
(babel)             in language  on input line 47.
 [4pdfTeX warning (ext4): destination with the same identifier (name{figure.1.3
}) has been already used, duplicate ignored

\AtBegShi@Output ...ipout \box \AtBeginShipoutBox 
                                                  \fi \fi 
l.47 	\newpage
               <./images/sozialer-kontetxt.png>]
Package babel Info: Redefining ngerman shorthand "|
(babel)             in language  on input line 48.
Package babel Info: Redefining ngerman shorthand "~
(babel)             in language  on input line 48.

(./parts/Projektstart/Projektorganisation/Projektorganigram.tex
Package babel Info: Redefining ngerman shorthand "|
(babel)             in language  on input line 1.
Package babel Info: Redefining ngerman shorthand "~
(babel)             in language  on input line 1.

<images/projektorganisation.png, id=111, 774.7344pt x 935.8965pt>
File: images/projektorganisation.png Graphic file (type png)

<use images/projektorganisation.png>
Package pdftex.def Info: images/projektorganisation.png used on input line 4.
(pdftex.def)             Requested size: 261.40839pt x 315.78719pt.
)
Package babel Info: Redefining ngerman shorthand "|
(babel)             in language  on input line 50.
Package babel Info: Redefining ngerman shorthand "~
(babel)             in language  on input line 50.
Package babel Info: Redefining ngerman shorthand "|
(babel)             in language  on input line 50.
Package babel Info: Redefining ngerman shorthand "~
(babel)             in language  on input line 50.
 [5pdfTeX warning (ext4): destination with the same identifier (name{figure.1.4
}) has been already used, duplicate ignored

\AtBegShi@Output ...ipout \box \AtBeginShipoutBox 
                                                  \fi \fi 
l.50 	\newpage
               <./images/projektorganisation.png>]
Package babel Info: Redefining ngerman shorthand "|
(babel)             in language  on input line 51.
Package babel Info: Redefining ngerman shorthand "~
(babel)             in language  on input line 51.

(./parts/Projektstart/Projektleistungsplan/Projektstrukturplan.tex
Package babel Info: Redefining ngerman shorthand "|
(babel)             in language  on input line 1.
Package babel Info: Redefining ngerman shorthand "~
(babel)             in language  on input line 1.

<images/psp.png, id=118, 1776.3966pt x 1162.1016pt>
File: images/psp.png Graphic file (type png)
 <use images/psp.png>
Package pdftex.def Info: images/psp.png used on input line 4.
(pdftex.def)             Requested size: 373.43378pt x 244.29678pt.
)
Package babel Info: Redefining ngerman shorthand "|
(babel)             in language  on input line 53.
Package babel Info: Redefining ngerman shorthand "~
(babel)             in language  on input line 53.
Package babel Info: Redefining ngerman shorthand "|
(babel)             in language  on input line 53.
Package babel Info: Redefining ngerman shorthand "~
(babel)             in language  on input line 53.

[6pdfTeX warning (ext4): destination with the same identifier (name{figure.1.5}
) has been already used, duplicate ignored

\AtBegShi@Output ...ipout \box \AtBeginShipoutBox 
                                                  \fi \fi 
l.53 		\newpage
                <./images/psp.png>]
(./parts/Projektstart/Projektleistungsplan/arbeitspakete-spezifikation.tex
Package babel Info: Redefining ngerman shorthand "|
(babel)             in language  on input line 1.
Package babel Info: Redefining ngerman shorthand "~
(babel)             in language  on input line 1.

(c:/texlive/2013/texmf-dist/tex/latex/base/omscmr.fd)
(c:/texlive/2013/texmf-dist/tex/latex/ucs/data/uni-0.def)
Underfull \hbox (badness 3009) in paragraph at lines 244--244
[]\T1/cmr/m/n/9 Start-/Stop-/Instalations-/Deinstalations- Ver-hal-ten
 []

(c:/texlive/2013/texmf-dist/tex/latex/ucs/data/uni-33.def)
Underfull \hbox (badness 10000) in paragraph at lines 337--337
[]\T1/cmr/m/n/9 Plugin: Start-/Stop-/Instalations-/Deinstalations-
 []

)
Package babel Info: Redefining ngerman shorthand "|
(babel)             in language  on input line 55.
Package babel Info: Redefining ngerman shorthand "~
(babel)             in language  on input line 55.
Package babel Info: Redefining ngerman shorthand "|
(babel)             in language  on input line 55.
Package babel Info: Redefining ngerman shorthand "~
(babel)             in language  on input line 55.
 [7]
Package babel Info: Redefining ngerman shorthand "|
(babel)             in language  on input line 56.
Package babel Info: Redefining ngerman shorthand "~
(babel)             in language  on input line 56.
 (./parts/Projektstart/Projektterminplanung/terminplanLindale.tex
Package babel Info: Redefining ngerman shorthand "|
(babel)             in language  on input line 4.
Package babel Info: Redefining ngerman shorthand "~
(babel)             in language  on input line 4.

Underfull \hbox (badness 10000) in paragraph at lines 111--111
[]\T1/cmr/bx/n/10 Jochen
 []


Underfull \hbox (badness 10000) in paragraph at lines 111--111
[]\T1/cmr/bx/n/10 Jeremias
 []


Underfull \hbox (badness 10000) in paragraph at lines 111--111
[]\T1/cmr/bx/n/10 Georgi
 []

)
Package babel Info: Redefining ngerman shorthand "|
(babel)             in language  on input line 58.
Package babel Info: Redefining ngerman shorthand "~
(babel)             in language  on input line 58.
Package babel Info: Redefining ngerman shorthand "|
(babel)             in language  on input line 58.
Package babel Info: Redefining ngerman shorthand "~
(babel)             in language  on input line 58.
 [8]

LaTeX Warning: Text page 9 contains only floats.

Package babel Info: Redefining ngerman shorthand "|
(babel)             in language  on input line 58.
Package babel Info: Redefining ngerman shorthand "~
(babel)             in language  on input line 58.
Package babel Info: Redefining ngerman shorthand "|
(babel)             in language  on input line 58.
Package babel Info: Redefining ngerman shorthand "~
(babel)             in language  on input line 58.
[9] (./parts/Projektstart/Projektterminplanung/Projektmeilensteinplan.tex
Package babel Info: Redefining ngerman shorthand "|
(babel)             in language  on input line 4.
Package babel Info: Redefining ngerman shorthand "~
(babel)             in language  on input line 4.
)
Package babel Info: Redefining ngerman shorthand "|
(babel)             in language  on input line 60.
Package babel Info: Redefining ngerman shorthand "~
(babel)             in language  on input line 60.
Package babel Info: Redefining ngerman shorthand "|
(babel)             in language  on input line 60.
Package babel Info: Redefining ngerman shorthand "~
(babel)             in language  on input line 60.

[10] (./parts/Projektstart/Projektterminplanung/projektbalkenplan.tex
Package babel Info: Redefining ngerman shorthand "|
(babel)             in language  on input line 1.
Package babel Info: Redefining ngerman shorthand "~
(babel)             in language  on input line 1.

<images/balkenplan.png, id=146, 565.1514pt x 450.2421pt>
File: images/balkenplan.png Graphic file (type png)

<use images/balkenplan.png>
Package pdftex.def Info: images/balkenplan.png used on input line 4.
(pdftex.def)             Requested size: 373.44246pt x 297.52481pt.
)
Package babel Info: Redefining ngerman shorthand "|
(babel)             in language  on input line 64.
Package babel Info: Redefining ngerman shorthand "~
(babel)             in language  on input line 64.
Package babel Info: Redefining ngerman shorthand "|
(babel)             in language  on input line 64.
Package babel Info: Redefining ngerman shorthand "~
(babel)             in language  on input line 64.
 [11]
Package babel Info: Redefining ngerman shorthand "|
(babel)             in language  on input line 65.
Package babel Info: Redefining ngerman shorthand "~
(babel)             in language  on input line 65.
Package babel Info: Redefining ngerman shorthand "|
(babel)             in language  on input line 65.
Package babel Info: Redefining ngerman shorthand "~
(babel)             in language  on input line 65.
 [12]
Package babel Info: Redefining ngerman shorthand "|
(babel)             in language  on input line 65.
Package babel Info: Redefining ngerman shorthand "~
(babel)             in language  on input line 65.
Package babel Info: Redefining ngerman shorthand "|
(babel)             in language  on input line 65.
Package babel Info: Redefining ngerman shorthand "~
(babel)             in language  on input line 65.
 [13]
Package babel Info: Redefining ngerman shorthand "|
(babel)             in language  on input line 65.
Package babel Info: Redefining ngerman shorthand "~
(babel)             in language  on input line 65.
Package babel Info: Redefining ngerman shorthand "|
(babel)             in language  on input line 65.
Package babel Info: Redefining ngerman shorthand "~
(babel)             in language  on input line 65.
 [14pdfTeX warning (ext4): destination with the same identifier (name{table.1.1
}) has been already used, duplicate ignored

\AtBegShi@Output ...ipout \box \AtBeginShipoutBox 
                                                  \fi \fi 
l.65 \chapter
             {Projektcontrolling}]
Package babel Info: Redefining ngerman shorthand "|
(babel)             in language  on input line 65.
Package babel Info: Redefining ngerman shorthand "~
(babel)             in language  on input line 65.
Package babel Info: Redefining ngerman shorthand "|
(babel)             in language  on input line 65.
Package babel Info: Redefining ngerman shorthand "~
(babel)             in language  on input line 65.
 [15pdfTeX warning (ext4): destination with the same identifier (name{table.1.2
}) has been already used, duplicate ignored

\AtBegShi@Output ...ipout \box \AtBeginShipoutBox 
                                                  \fi \fi 
l.65 \chapter
             {Projektcontrolling}]
Package babel Info: Redefining ngerman shorthand "|
(babel)             in language  on input line 65.
Package babel Info: Redefining ngerman shorthand "~
(babel)             in language  on input line 65.
Package babel Info: Redefining ngerman shorthand "|
(babel)             in language  on input line 65.
Package babel Info: Redefining ngerman shorthand "~
(babel)             in language  on input line 65.
 [16pdfTeX warning (ext4): destination with the same identifier (name{figure.1.
6}) has been already used, duplicate ignored

\AtBegShi@Output ...ipout \box \AtBeginShipoutBox 
                                                  \fi \fi 
l.65 \chapter
             {Projektcontrolling} <./images/balkenplan.png>]
Kapitel 2.
Package babel Info: Redefining ngerman shorthand "|
(babel)             in language  on input line 65.
Package babel Info: Redefining ngerman shorthand "~
(babel)             in language  on input line 65.
(./parts/Projektcontrolling/Projektfortschrittsbericht.tex
Package babel Info: Redefining ngerman shorthand "|
(babel)             in language  on input line 1.
Package babel Info: Redefining ngerman shorthand "~
(babel)             in language  on input line 1.

Overfull \hbox (66.14888pt too wide) in alignment at lines 109--109
 [] [] [] [] [] 
 []


Underfull \vbox (badness 10000) detected at line 109
 []

Package babel Info: Redefining ngerman shorthand "|
(babel)             in language  on input line 109.
Package babel Info: Redefining ngerman shorthand "~
(babel)             in language  on input line 109.
Package babel Info: Redefining ngerman shorthand "|
(babel)             in language  on input line 109.
Package babel Info: Redefining ngerman shorthand "~
(babel)             in language  on input line 109.
[17

])
Package babel Info: Redefining ngerman shorthand "|
(babel)             in language  on input line 67.
Package babel Info: Redefining ngerman shorthand "~
(babel)             in language  on input line 67.
Package babel Info: Redefining ngerman shorthand "|
(babel)             in language  on input line 67.
Package babel Info: Redefining ngerman shorthand "~
(babel)             in language  on input line 67.
 [18] (./parts/Projektcontrolling/ProjektScoreCard.tex
Package babel Info: Redefining ngerman shorthand "|
(babel)             in language  on input line 1.
Package babel Info: Redefining ngerman shorthand "~
(babel)             in language  on input line 1.

<images/projekt-score-card.png, id=191, 1270.5066pt x 469.0323pt>
File: images/projekt-score-card.png Graphic file (type png)

<use images/projekt-score-card.png>
Package pdftex.def Info: images/projekt-score-card.png used on input line 3.
(pdftex.def)             Requested size: 373.43916pt x 137.86235pt.

Underfull \hbox (badness 10000) in paragraph at lines 3--4
[][]
 []

)
Package babel Info: Redefining ngerman shorthand "|
(babel)             in language  on input line 71.
Package babel Info: Redefining ngerman shorthand "~
(babel)             in language  on input line 71.
Package babel Info: Redefining ngerman shorthand "|
(babel)             in language  on input line 71.
Package babel Info: Redefining ngerman shorthand "~
(babel)             in language  on input line 71.
 [19pdfTeX warning (ext4): destination with the same identifier (name{figure.2.
1}) has been already used, duplicate ignored

\AtBegShi@Output ...ipout \box \AtBeginShipoutBox 
                                                  \fi \fi 
l.71 \newpage
              <./images/projekt-score-card.png>]
Kapitel 3.
Package babel Info: Redefining ngerman shorthand "|
(babel)             in language  on input line 72.
Package babel Info: Redefining ngerman shorthand "~
(babel)             in language  on input line 72.
(./parts/Projektabschluss/projektabschlussbericht.tex
Package babel Info: Redefining ngerman shorthand "|
(babel)             in language  on input line 1.
Package babel Info: Redefining ngerman shorthand "~
(babel)             in language  on input line 1.
)
Runaway argument?
 \hline \rowfont {\large } \multicolumn {5}{|c|}{ Projektabschlussber\ETC.
! File ended while scanning use of \tabu@collectbody.
<inserted text> 
                \par 
l.73 .../Projektabschluss/projektabschlussbericht}
                                                  
I suspect you have forgotten a `}', causing me
to read past where you wanted me to stop.
I'll try to recover; but if the error is serious,
you'd better type `E' or `X' now and fix your file.


! LaTeX Error: \begin{longtabu} on input line 6 ended by \end{document}.

See the LaTeX manual or LaTeX Companion for explanation.
Type  H <return>  for immediate help.
 ...                                              
                                                  
l.75 \end{document}
                   
Your command was ignored.
Type  I <command> <return>  to replace it with another command,
or  <return>  to continue without it.

! Misplaced \noalign.
\newpage ->\noalign 
                    {\break }
l.75 \end{document}
                   
I expect to see \noalign only after the \cr of
an alignment. Proceed, and I'll ignore this case.

(./projekthandbuch.aux)
! You can't use `\end' in internal vertical mode.
\enddocument ...es \z@ \Call@AtVeryVeryEnd \@@end 
                                                  
l.75 \end{document}
                   
Sorry, but I'm not programmed to handle this case;
I'll just pretend that you didn't ask for it.
If you're in the wrong mode, you might be able to
return to the right one by typing `I}' or `I$' or `I\par'.


! LaTeX Error: \begin{longtabu} on input line 6 ended by \end{document}.

See the LaTeX manual or LaTeX Companion for explanation.
Type  H <return>  for immediate help.
 ...                                              
                                                  
l.75 \end{document}
                   
Your command was ignored.
Type  I <command> <return>  to replace it with another command,
or  <return>  to continue without it.

)
! Emergency stop.
<*> projekthandbuch.tex
                       
*** (job aborted, no legal \end found)

 
Here is how much of TeX's memory you used:
 10054 strings out of 493315
 148055 string characters out of 6141454
 295147 words of memory out of 5000000
 13253 multiletter control sequences out of 15000+600000
 21522 words of font info for 59 fonts, out of 8000000 for 9000
 957 hyphenation exceptions out of 8191
 40i,14n,47p,342b,984s stack positions out of 5000i,500n,10000p,200000b,80000s
!  ==> Fatal error occurred, no output PDF file produced!
